2022-05-14 00:47:14 - 🚌 打卡任务启动
填报完成
2022-05-15 12:23:54 - 🚌 打卡任务启动
失败信息：今天已经填报了
2022-05-16 00:44:50 - 🚌 打卡任务启动
填报完成
2022-05-18 11:27:25 - 🚌 打卡任务启动
2022-05-18 11:27失败信息：今天已经填报了
新版Server酱推送状态码为: 400
2022-05-18 14:47:44 - 🚌 打卡任务启动
2022-05-18 14:47失败信息：今天已经填报了
新版Server酱推送状态码为: 400
2022-05-18 14:55:09 - 🚌 打卡任务启动
2022-05-18 14:55失败信息：今天已经填报了
新版Server酱推送状态码为: 200
2022-05-18 15:07:13 -  🚌 打卡任务启动 
2022-05-18 15:07 🚌 打卡任务启动 失败信息：今天已经填报了
新版Server酱推送状态码为: 200
2022-05-21 00:42:16 -  🚌 打卡任务启动 
2022-05-21 00:42 🚌 打卡任务启动 填报完成
新版Server酱推送状态码为: 200
2022-05-23 00:40:02 -  🚌 打卡任务启动 
2022-05-23 00:40 🚌 打卡任务启动 填报完成
新版Server酱推送状态码为: 200
2022-05-25 00:45:26 -  🚌 打卡任务启动 
2022-05-25 00:45 🚌 打卡任务启动 填报完成
新版Server酱推送状态码为: 200
2022-05-28 00:44:43 -  🚌 打卡任务启动 
2022-05-28 00:44 🚌 打卡任务启动 填报完成
新版Server酱推送状态码为: 200
2022-05-30 00:40:16 -  🚌 打卡任务启动 
2022-05-30 00:40 🚌 打卡任务启动 填报完成
新版Server酱推送状态码为: 200
2022-06-01 00:47:17 -  🚌 打卡任务启动 
2022-06-01 00:47 🚌 打卡任务启动 填报完成
新版Server酱推送状态码为: 200
