2022-05-17 07:58:23 - 🚌 打卡任务启动
填报完成
2022-05-19 07:58:19 -  🚌 打卡任务启动 
2022-05-19 07:58 🚌 打卡任务启动 填报完成
新版Server酱推送状态码为: 200
2022-05-20 07:58:25 -  🚌 打卡任务启动 
2022-05-20 07:58 🚌 打卡任务启动 填报完成
新版Server酱推送状态码为: 200
2022-05-22 07:58:38 -  🚌 打卡任务启动 
2022-05-22 07:58 🚌 打卡任务启动 填报完成
新版Server酱推送状态码为: 200
2022-05-24 07:58:18 -  🚌 打卡任务启动 
2022-05-24 07:58 🚌 打卡任务启动 填报完成
新版Server酱推送状态码为: 200
2022-05-26 07:58:37 -  🚌 打卡任务启动 
2022-05-26 07:58 🚌 打卡任务启动 填报完成
新版Server酱推送状态码为: 200
2022-05-27 07:58:24 -  🚌 打卡任务启动 
2022-05-27 07:58 🚌 打卡任务启动 填报完成
新版Server酱推送状态码为: 200
2022-05-29 07:58:24 -  🚌 打卡任务启动 
2022-05-29 07:58 🚌 打卡任务启动 填报完成
新版Server酱推送状态码为: 200
2022-05-31 07:58:25 -  🚌 打卡任务启动 
2022-05-31 07:58 🚌 打卡任务启动 填报完成
新版Server酱推送状态码为: 200
2022-06-02 07:58:27 -  🚌 打卡任务启动 
2022-06-02 07:58 🚌 打卡任务启动 填报完成
新版Server酱推送状态码为: 200
2022-06-03 07:58:33 -  🚌 打卡任务启动 
2022-06-03 07:58 🚌 打卡任务启动 填报完成
新版Server酱推送状态码为: 200
2022-06-05 07:58:19 -  🚌 打卡任务启动 
2022-06-05 07:58 🚌 打卡任务启动 填报完成
新版Server酱推送状态码为: 200
2022-06-07 07:58:30 -  🚌 打卡任务启动 
2022-06-07 07:58 🚌 打卡任务启动 填报完成
新版Server酱推送状态码为: 200
2022-06-09 07:58:25 -  🚌 打卡任务启动 
2022-06-09 07:58 🚌 打卡任务启动 填报完成
新版Server酱推送状态码为: 200
2022-06-10 07:58:21 -  🚌 打卡任务启动 
2022-06-10 07:58 🚌 打卡任务启动 填报完成
新版Server酱推送状态码为: 200
2022-06-12 07:58:18 -  🚌 打卡任务启动 
2022-06-12 07:58 🚌 打卡任务启动 填报完成
新版Server酱推送状态码为: 200
2022-06-14 07:58:28 -  🚌 打卡任务启动 
2022-06-14 07:58 🚌 打卡任务启动 填报完成
新版Server酱推送状态码为: 200
