2022-05-15 13:10:55 - 🚌 打卡任务启动
失败信息：今天已经填报了
2022-05-16 00:41:30 - 🚌 打卡任务启动
填报完成
2022-05-18 00:47:21 - 🚌 打卡任务启动
填报完成
2022-05-21 00:39:41 -  🚌 打卡任务启动 
2022-05-21 00:39 🚌 打卡任务启动 填报完成
新版Server酱推送状态码为: 200
2022-05-23 00:37:53 -  🚌 打卡任务启动 
2022-05-23 00:37 🚌 打卡任务启动 填报完成
新版Server酱推送状态码为: 200
2022-05-25 00:42:47 -  🚌 打卡任务启动 
2022-05-25 00:42 🚌 打卡任务启动 填报完成
新版Server酱推送状态码为: 200
2022-05-28 00:42:08 -  🚌 打卡任务启动 
2022-05-28 00:42 🚌 打卡任务启动 填报完成
新版Server酱推送状态码为: 200
2022-05-30 00:38:02 -  🚌 打卡任务启动 
2022-05-30 00:38 🚌 打卡任务启动 填报完成
新版Server酱推送状态码为: 200
2022-06-01 00:45:16 -  🚌 打卡任务启动 
2022-06-01 00:45 🚌 打卡任务启动 填报完成
新版Server酱推送状态码为: 200
2022-06-04 00:38:57 -  🚌 打卡任务启动 
2022-06-04 00:38 🚌 打卡任务启动 填报完成
新版Server酱推送状态码为: 200
