2022-05-12 23:48:54 - 🚌 打卡任务启动
填报完成
2022-05-15 07:47:37 - 🚌 打卡任务启动
填报完成
2022-05-17 07:47:49 - 🚌 打卡任务启动
填报完成
2022-05-18 14:58:08 - 🚌 打卡任务启动
2022-05-18 14:58失败信息：今天已经填报了
新版Server酱推送状态码为: 200
2022-05-19 07:48:14 -  🚌 打卡任务启动 
2022-05-19 07:48 🚌 打卡任务启动 填报完成
新版Server酱推送状态码为: 200
2022-05-20 07:48:20 -  🚌 打卡任务启动 
2022-05-20 07:48 🚌 打卡任务启动 填报完成
新版Server酱推送状态码为: 200
2022-05-22 07:47:31 -  🚌 打卡任务启动 
2022-05-22 07:47 🚌 打卡任务启动 填报完成
新版Server酱推送状态码为: 200
2022-05-24 07:48:13 -  🚌 打卡任务启动 
2022-05-24 07:48 🚌 打卡任务启动 填报完成
新版Server酱推送状态码为: 200
2022-05-26 07:48:38 -  🚌 打卡任务启动 
2022-05-26 07:48 🚌 打卡任务启动 填报完成
新版Server酱推送状态码为: 200
2022-05-27 07:47:33 -  🚌 打卡任务启动 
2022-05-27 07:47 🚌 打卡任务启动 填报完成
新版Server酱推送状态码为: 200
2022-05-29 07:48:47 -  🚌 打卡任务启动 
2022-05-29 07:48 🚌 打卡任务启动 填报完成
新版Server酱推送状态码为: 200
2022-05-31 07:48:43 -  🚌 打卡任务启动 
2022-05-31 07:48 🚌 打卡任务启动 填报完成
新版Server酱推送状态码为: 200
2022-06-02 07:49:54 -  🚌 打卡任务启动 
2022-06-02 07:49 🚌 打卡任务启动 填报完成
新版Server酱推送状态码为: 200
2022-06-03 07:46:46 -  🚌 打卡任务启动 
2022-06-03 07:46 🚌 打卡任务启动 填报完成
新版Server酱推送状态码为: 200
2022-06-05 07:46:33 -  🚌 打卡任务启动 
2022-06-05 07:46 🚌 打卡任务启动 填报完成
新版Server酱推送状态码为: 200
2022-06-07 07:46:40 -  🚌 打卡任务启动 
2022-06-07 07:46 🚌 打卡任务启动 填报完成
新版Server酱推送状态码为: 200
2022-06-09 07:46:43 -  🚌 打卡任务启动 
2022-06-09 07:46 🚌 打卡任务启动 填报完成
新版Server酱推送状态码为: 200
2022-06-10 07:46:36 -  🚌 打卡任务启动 
2022-06-10 07:46 🚌 打卡任务启动 填报完成
新版Server酱推送状态码为: 200
2022-06-12 07:46:44 -  🚌 打卡任务启动 
2022-06-12 07:46 🚌 打卡任务启动 填报完成
新版Server酱推送状态码为: 200
2022-06-14 07:46:35 -  🚌 打卡任务启动 
2022-06-14 07:46 🚌 打卡任务启动 填报完成
新版Server酱推送状态码为: 200
2022-06-16 07:46:51 -  🚌 打卡任务启动 
2022-06-16 07:46 🚌 打卡任务启动 填报完成
新版Server酱推送状态码为: 200
2022-06-17 07:46:37 -  🚌 打卡任务启动 
2022-06-17 07:46 🚌 打卡任务启动 填报完成
新版Server酱推送状态码为: 200
2022-06-19 07:46:37 -  🚌 打卡任务启动 
2022-06-19 07:46 🚌 打卡任务启动 填报完成
新版Server酱推送状态码为: 200
2022-06-21 07:46:54 -  🚌 打卡任务启动 
2022-06-21 07:46 🚌 打卡任务启动 填报完成
新版Server酱推送状态码为: 200
2022-06-23 07:47:21 -  🚌 打卡任务启动 
2022-06-23 07:47 🚌 打卡任务启动 填报完成
新版Server酱推送状态码为: 200
2022-06-24 07:46:37 -  🚌 打卡任务启动 
2022-06-24 07:46 🚌 打卡任务启动 填报完成
新版Server酱推送状态码为: 200
2022-06-26 07:46:46 -  🚌 打卡任务启动 
2022-06-26 07:46 🚌 打卡任务启动 填报完成
新版Server酱推送状态码为: 200
2022-06-28 07:46:45 -  🚌 打卡任务启动 
2022-06-28 07:46 🚌 打卡任务启动 填报完成
新版Server酱推送状态码为: 200
2022-06-30 07:46:47 -  🚌 打卡任务启动 
2022-06-30 07:46 🚌 打卡任务启动 填报完成
新版Server酱推送状态码为: 200
2022-07-01 07:46:50 -  🚌 打卡任务启动 
2022-07-01 07:46 🚌 打卡任务启动 填报完成
新版Server酱推送状态码为: 200
2022-07-03 07:46:34 -  🚌 打卡任务启动 
2022-07-03 07:46 🚌 打卡任务启动 填报完成
新版Server酱推送状态码为: 200
2022-07-05 07:46:47 -  🚌 打卡任务启动 
2022-07-05 07:46 🚌 打卡任务启动 填报完成
新版Server酱推送状态码为: 200
2022-07-07 07:46:36 -  🚌 打卡任务启动 
2022-07-07 07:46 🚌 打卡任务启动 填报完成
新版Server酱推送状态码为: 200
2022-07-08 07:48:21 -  🚌 打卡任务启动 
2022-07-08 07:48 🚌 打卡任务启动 填报完成
新版Server酱推送状态码为: 200
2022-07-10 07:48:09 -  🚌 打卡任务启动 
2022-07-10 07:48 🚌 打卡任务启动 填报完成
新版Server酱推送状态码为: 200
2022-07-12 07:46:49 -  🚌 打卡任务启动 
2022-07-12 07:46 🚌 打卡任务启动 填报完成
新版Server酱推送状态码为: 200
2022-07-14 07:47:13 -  🚌 打卡任务启动 
2022-07-14 07:47 🚌 打卡任务启动 填报完成
新版Server酱推送状态码为: 200
2022-07-15 07:47:45 -  🚌 打卡任务启动 
2022-07-15 07:47 🚌 打卡任务启动 填报完成
新版Server酱推送状态码为: 200
2022-07-17 07:46:34 -  🚌 打卡任务启动 
2022-07-17 07:46 🚌 打卡任务启动 填报完成
新版Server酱推送状态码为: 200
2022-07-19 07:47:05 -  🚌 打卡任务启动 
2022-07-19 07:47 🚌 打卡任务启动 填报完成
新版Server酱推送状态码为: 200
2022-07-21 07:48:04 -  🚌 打卡任务启动 
2022-07-21 07:48 🚌 打卡任务启动 填报完成
新版Server酱推送状态码为: 200
2022-07-22 07:48:39 -  🚌 打卡任务启动 
2022-07-22 07:48 🚌 打卡任务启动 填报完成
新版Server酱推送状态码为: 200
2022-07-24 07:47:25 -  🚌 打卡任务启动 
2022-07-24 07:47 🚌 打卡任务启动 填报完成
新版Server酱推送状态码为: 200
2022-07-26 07:47:27 -  🚌 打卡任务启动 
2022-07-26 07:47 🚌 打卡任务启动 填报完成
新版Server酱推送状态码为: 200
2022-07-28 07:46:53 -  🚌 打卡任务启动 
2022-07-28 07:46 🚌 打卡任务启动 填报完成
新版Server酱推送状态码为: 200
2022-07-29 07:47:47 -  🚌 打卡任务启动 
2022-07-29 07:47 🚌 打卡任务启动 填报完成
新版Server酱推送状态码为: 200
2022-08-16 07:52:15 -  🚌 打卡任务启动 
2022-08-16 07:52 🚌 打卡任务启动 填报完成

新版Server酱推送状态码为: 200
2022-08-18 07:52:33 -  🚌 打卡任务启动 
2022-08-18 07:52 🚌 打卡任务启动 填报完成
 打卡地点：黑龙江省 哈尔滨市 南岗区
新版Server酱推送状态码为: 200
2022-08-19 07:52:14 -  🚌 打卡任务启动 
2022-08-19 07:52 🚌 打卡任务启动 填报完成
 打卡地点：黑龙江省 哈尔滨市 南岗区
新版Server酱推送状态码为: 200
2022-08-21 07:52:24 -  🚌 打卡任务启动 
2022-08-21 07:52 🚌 打卡任务启动 填报完成
 打卡地点：黑龙江省 哈尔滨市 南岗区
新版Server酱推送状态码为: 200
2022-08-23 07:52:10 -  🚌 打卡任务启动 
2022-08-23 07:52 🚌 打卡任务启动 填报完成
 打卡地点：黑龙江省 哈尔滨市 南岗区
新版Server酱推送状态码为: 200
2022-08-25 07:52:31 -  🚌 打卡任务启动 
2022-08-25 07:52 🚌 打卡任务启动 填报完成
 打卡地点：黑龙江省 哈尔滨市 南岗区
新版Server酱推送状态码为: 200
2022-08-26 07:55:19 -  🚌 打卡任务启动 
2022-08-26 07:55 🚌 打卡任务启动 填报完成
 打卡地点：黑龙江省 哈尔滨市 南岗区
新版Server酱推送状态码为: 200
2022-09-01 07:52:37 -  🚌 打卡任务启动 
2022-09-01 07:52 🚌 打卡任务启动 填报完成
 打卡地点：湖南省 长沙市 天心区
新版Server酱推送状态码为: 200
2022-09-02 07:51:40 -  🚌 打卡任务启动 
2022-09-02 07:51 🚌 打卡任务启动 填报完成
 打卡地点：湖南省 长沙市 天心区
新版Server酱推送状态码为: 200
2022-09-06 07:54:14 -  🚌 打卡任务启动 
2022-09-06 07:54 🚌 打卡任务启动 填报完成
 打卡地点：湖南省 长沙市 天心区
新版Server酱推送状态码为: 200
2022-09-08 07:58:13 -  🚌 打卡任务启动 
2022-09-08 07:58 🚌 打卡任务启动 填报完成
 打卡地点：湖南省 长沙市 天心区
新版Server酱推送状态码为: 200
2022-09-09 07:57:11 -  🚌 打卡任务启动 
2022-09-09 07:57 🚌 打卡任务启动 填报完成
 打卡地点：湖南省 长沙市 天心区
新版Server酱推送状态码为: 200
2022-09-11 07:55:01 -  🚌 打卡任务启动 
2022-09-11 07:55 🚌 打卡任务启动 填报完成
 打卡地点：湖南省 长沙市 天心区
新版Server酱推送状态码为: 200
2022-09-13 07:57:38 -  🚌 打卡任务启动 
2022-09-13 07:57 🚌 打卡任务启动 填报完成
 打卡地点：湖南省 长沙市 天心区
新版Server酱推送状态码为: 200
2022-09-15 07:56:01 -  🚌 打卡任务启动 
2022-09-15 07:56 🚌 打卡任务启动 填报完成
 打卡地点：湖南省 长沙市 天心区
新版Server酱推送状态码为: 200
2022-09-16 07:58:02 -  🚌 打卡任务启动 
2022-09-16 07:58 🚌 打卡任务启动 填报完成
 打卡地点：湖南省 长沙市 天心区
新版Server酱推送状态码为: 200
2022-09-18 07:55:43 -  🚌 打卡任务启动 
2022-09-18 07:55 🚌 打卡任务启动 填报完成
 打卡地点：湖南省 长沙市 天心区
新版Server酱推送状态码为: 200
2022-09-20 07:59:31 -  🚌 打卡任务启动 
2022-09-20 07:59 🚌 打卡任务启动 填报完成
 打卡地点：湖南省 长沙市 天心区
新版Server酱推送状态码为: 200
2022-09-22 07:58:11 -  🚌 打卡任务启动 
2022-09-22 07:58 🚌 打卡任务启动 填报完成
 打卡地点：湖南省 长沙市 天心区
新版Server酱推送状态码为: 200
2022-09-23 07:57:04 -  🚌 打卡任务启动 
2022-09-23 07:57 🚌 打卡任务启动 填报完成
 打卡地点：湖南省 长沙市 天心区
新版Server酱推送状态码为: 200
2022-09-25 07:57:01 -  🚌 打卡任务启动 
2022-09-25 07:57 🚌 打卡任务启动 填报完成
 打卡地点：湖南省 长沙市 天心区
新版Server酱推送状态码为: 200
2022-09-27 08:01:41 -  🚌 打卡任务启动 
2022-09-27 08:01 🚌 打卡任务启动 填报完成
 打卡地点：湖南省 长沙市 天心区
新版Server酱推送状态码为: 200
2022-09-29 08:01:12 -  🚌 打卡任务启动 
2022-09-29 08:01 🚌 打卡任务启动 填报完成
 打卡地点：湖南省 长沙市 天心区
新版Server酱推送状态码为: 200
2022-09-30 08:02:20 -  🚌 打卡任务启动 
2022-09-30 08:02 🚌 打卡任务启动 填报完成
 打卡地点：湖南省 长沙市 天心区
新版Server酱推送状态码为: 200
2022-10-02 07:58:58 -  🚌 打卡任务启动 
2022-10-02 07:58 🚌 打卡任务启动 填报完成
 打卡地点：湖南省 长沙市 天心区
新版Server酱推送状态码为: 200
2022-10-04 07:59:49 -  🚌 打卡任务启动 
2022-10-04 07:59 🚌 打卡任务启动 填报完成
 打卡地点：湖南省 长沙市 天心区
新版Server酱推送状态码为: 200
2022-10-06 07:59:40 -  🚌 打卡任务启动 
2022-10-06 07:59 🚌 打卡任务启动 填报完成
 打卡地点：湖南省 长沙市 天心区
新版Server酱推送状态码为: 200
2022-10-07 08:00:24 -  🚌 打卡任务启动 
2022-10-07 08:00 🚌 打卡任务启动 填报完成
 打卡地点：湖南省 长沙市 天心区
新版Server酱推送状态码为: 200
2022-10-09 07:57:23 -  🚌 打卡任务启动 
2022-10-09 07:57 🚌 打卡任务启动 填报完成
 打卡地点：湖南省 长沙市 天心区
新版Server酱推送状态码为: 200
2022-10-11 07:59:29 -  🚌 打卡任务启动 
2022-10-11 07:59 🚌 打卡任务启动 填报完成
 打卡地点：湖南省 长沙市 天心区
新版Server酱推送状态码为: 200
2022-10-13 07:59:08 -  🚌 打卡任务启动 
2022-10-13 07:59 🚌 打卡任务启动 填报完成
 打卡地点：湖南省 长沙市 天心区
新版Server酱推送状态码为: 200
2022-10-14 07:59:46 -  🚌 打卡任务启动 
2022-10-14 07:59 🚌 打卡任务启动 填报完成
 打卡地点：湖南省 长沙市 天心区
新版Server酱推送状态码为: 200
2022-10-16 07:57:50 -  🚌 打卡任务启动 
2022-10-16 07:57 🚌 打卡任务启动 填报完成
 打卡地点：湖南省 长沙市 天心区
新版Server酱推送状态码为: 200
2022-10-18 07:59:18 -  🚌 打卡任务启动 
2022-10-18 07:59 🚌 打卡任务启动 填报完成
 打卡地点：湖南省 长沙市 天心区
新版Server酱推送状态码为: 200
2022-10-20 08:00:02 -  🚌 打卡任务启动 
2022-10-20 08:00 🚌 打卡任务启动 填报完成
 打卡地点：湖南省 长沙市 天心区
新版Server酱推送状态码为: 200
2022-10-21 08:00:51 -  🚌 打卡任务启动 
2022-10-21 08:00 🚌 打卡任务启动 填报完成
 打卡地点：湖南省 长沙市 天心区
新版Server酱推送状态码为: 200
2022-10-23 07:58:31 -  🚌 打卡任务启动 
2022-10-23 07:58 🚌 打卡任务启动 填报完成
 打卡地点：湖南省 长沙市 天心区
新版Server酱推送状态码为: 200
2022-10-25 07:59:40 -  🚌 打卡任务启动 
2022-10-25 07:59 🚌 打卡任务启动 填报完成
 打卡地点：湖南省 长沙市 天心区
新版Server酱推送状态码为: 200
2022-10-27 07:54:03 -  🚌 打卡任务启动 
2022-10-27 07:54 🚌 打卡任务启动 填报完成
 打卡地点：湖南省 长沙市 天心区
新版Server酱推送状态码为: 200
2022-10-28 07:54:24 -  🚌 打卡任务启动 
2022-10-28 07:54 🚌 打卡任务启动 填报完成
 打卡地点：湖南省 长沙市 天心区
新版Server酱推送状态码为: 200
2022-10-30 07:52:42 -  🚌 打卡任务启动 
2022-10-30 07:52 🚌 打卡任务启动 填报完成
 打卡地点：湖南省 长沙市 天心区
新版Server酱推送状态码为: 200
2022-11-01 07:54:37 -  🚌 打卡任务启动 
2022-11-01 07:54 🚌 打卡任务启动 填报完成
 打卡地点：湖南省 长沙市 天心区
新版Server酱推送状态码为: 200
2022-11-03 07:52:33 -  🚌 打卡任务启动 
2022-11-03 07:52 🚌 打卡任务启动 填报完成
 打卡地点：湖南省 长沙市 天心区
新版Server酱推送状态码为: 200
2022-11-04 07:49:35 -  🚌 打卡任务启动 
2022-11-04 07:49 🚌 打卡任务启动 填报完成
 打卡地点：湖南省 长沙市 天心区
新版Server酱推送状态码为: 200
2022-11-06 07:49:33 -  🚌 打卡任务启动 
2022-11-06 07:49 🚌 打卡任务启动 填报完成
 打卡地点：湖南省 长沙市 天心区
新版Server酱推送状态码为: 200
2022-11-08 07:51:59 -  🚌 打卡任务启动 
2022-11-08 07:51 🚌 打卡任务启动 填报完成
 打卡地点：湖南省 长沙市 天心区
新版Server酱推送状态码为: 200
2022-11-10 07:52:19 -  🚌 打卡任务启动 
2022-11-10 07:52 🚌 打卡任务启动 填报完成
 打卡地点：湖南省 长沙市 天心区
新版Server酱推送状态码为: 200
2022-11-11 07:50:46 -  🚌 打卡任务启动 
2022-11-11 07:50 🚌 打卡任务启动 填报完成
 打卡地点：湖南省 长沙市 天心区
新版Server酱推送状态码为: 200
